INFO:root:  có buồn ỉa không
CRITICAL:root:Quách Tĩnh là con của Quách Khiếu Thiên và Lý Bình, gọi Quách Thịnh (nhân vật trong truyện Thủy Hử, một trong 108 anh hùng Lương Sơn Bạc) là cụ tổ. Cái tên Quách Tĩnh là do đạo sĩ phái Toàn Chân, Trường Xuân Tử Khưu Xứ Cơ đặt cho với ý nghĩa mong chàng và người anh em kết nghĩa Dương Khang không quên mối nhục Tĩnh Khang của Đại Tống ngày trước.
INFO:root:  có những khóa học nào ?
CRITICAL:root:Ðây là các khóa học đang mở : Cửu Âm Chân Kinh, Càn Khôn Đại Na Di, Tiên Thiên Công, Cáp Mô Công, Hàng Long Thập Bát Chưởng, Độc Cô Cửu Kiếm
INFO:root:  ai dạy Cửu Âm Chân Kinh
CRITICAL:root:Hoàng Thường
INFO:root:  giá tiền 
CRITICAL:root:10.000.000 VNĐ
INFO:root:  giá tiền bao nhiêu 
CRITICAL:root:10.000.000 VNĐ
INFO:root:  giá học phí 
CRITICAL:root:10.000.000 VNĐ
INFO:root:  giá học phí Cửu Âm Chân Kinh 
CRITICAL:root:20.000.000 VNĐ
INFO:root:  ai dạy 
CRITICAL:root:Vương Trùng Dương
INFO:root:  có những khóa học nào 
CRITICAL:root:Dưới đây là danh sách các khóa học bạn yêu cầu: Cửu Âm Chân Kinh, Càn Khôn Đại Na Di, Tiên Thiên Công, Cáp Mô Công, Hàng Long Thập Bát Chưởng, Độc Cô Cửu Kiếm
INFO:root:  ai dạy 
CRITICAL:root:Trương Vô Kỵ
INFO:root:  ai dạy Cửu Âm Chân Kinh 
CRITICAL:root:Hoàng Thường
INFO:root:  giá 
CRITICAL:root:10.000.000 VNĐ
INFO:root:  có những môn nào 
CRITICAL:root:là một đạo sỹ sống vào đời nhà Tống. Ông là người sáng lập ra Toàn Chân giáo, là Bắc Tông của Đạo giáo Trung Quốc.
INFO:root:  có những môn học nào 
CRITICAL:root:Dưới đây là danh sách các khóa học bạn yêu cầu: Cửu Âm Chân Kinh, Càn Khôn Đại Na Di, Tiên Thiên Công, Cáp Mô Công, Hàng Long Thập Bát Chưởng, Độc Cô Cửu Kiếm
INFO:root:  ai dạy Cửu Âm Chân Kinh 
CRITICAL:root:Hoàng Thường
INFO:root:  giá 
CRITICAL:root:10.000.000 VNĐ
INFO:root:  ai dạy Cửu Âm Chân Kinh 
INFO:root:  ai dạy Cửu Âm Chân Kinh 
CRITICAL:root:Hoàng Thường
INFO:root:  giá 
CRITICAL:root:10.000.000 VNĐ
INFO:root:  ai dạy Cửu Âm Chân Kinh
CRITICAL:root:Hoàng Thường
INFO:root:  giá 
CRITICAL:root:10.000.000 VNĐ
INFO:root:  ai dạy Cửu Âm Chân Kinh
CRITICAL:root:Hoàng Thường
INFO:root:  giá 
CRITICAL:root:10.000.000 VNĐ
INFO:root:  ai dạy Cửu Âm Chân Kinh
CRITICAL:root:Hoàng Thường
INFO:root:  giá 
INFO:root:  ai dạy Cửu Âm Chân Kinh
CRITICAL:root:Hoàng Thường
INFO:root:  giá
CRITICAL:root:10.000.000 VNĐ
INFO:root:  ai dạy Cửu Âm Chân Kinh
CRITICAL:root:Hoàng Thường
INFO:root:  giá 
INFO:root:  ai dạy Cửu Âm Chân Kinh
CRITICAL:root:Hoàng Thường
INFO:root:  giá 
CRITICAL:root:10.000.000 VNĐ
INFO:root:  ai dạy Cửu Âm Chân Kinh
CRITICAL:root:Hoàng Thường
INFO:root:  giá 
CRITICAL:root:20.000.000 VNĐ
INFO:root:  ai dạy 
CRITICAL:root:Hoàng Thường
INFO:root:  lịch học 
CRITICAL:root:học 2 quyển: Quyển thượng bao gồm đạo lý thâm ảo của Đạo gia từ đó đúc kết thành bí kíp rèn luyện nội công căn bản. Quyển hạ gồm các chiêu thức khắc địch và bảo vệ thân thể
INFO:root:  chi tiết 
CRITICAL:root:học 2 quyển: Quyển thượng bao gồm đạo lý thâm ảo của Đạo gia từ đó đúc kết thành bí kíp rèn luyện nội công căn bản. Quyển hạ gồm các chiêu thức khắc địch và bảo vệ thân thể
INFO:root:  Âu Dương Phong là ai 
CRITICAL:root:Âu Dương Phong là chủ nhân núi Bạch Đà ở Tây Vực, là một kẻ độc ác, nhiều mưu mô thủ đoạn. Y võ công rất cao, thường dùng một cây gậy có thả hai con rắn độc ở đầu làm vũ khí. Tuyệt kỹ của y là Cáp Mô Công
INFO:root:  Cáp Mô Công 
CRITICAL:root:Là một môn võ công chuyên lấy tĩnh chế động. Tư thế vận kình, phát chiêu dựa trên đặc điểm cấu tạo thân thể và hoạt động của loài cóc. Phàm phải là người có nội công cực kì cao siêu mới có khả năng luyện được
INFO:root:  ai dạy 
CRITICAL:root:Âu Dương Phong
INFO:root:  có những mmôn gì 
CRITICAL:root:Âu Dương Phong là chủ nhân núi Bạch Đà ở Tây Vực, là một kẻ độc ác, nhiều mưu mô thủ đoạn. Y võ công rất cao, thường dùng một cây gậy có thả hai con rắn độc ở đầu làm vũ khí. Tuyệt kỹ của y là Cáp Mô Công
INFO:root:  có những môn gì
CRITICAL:root:môn nội công thượng thặng của Vương Trùng Dương, có tác dụng đả thông kỳ kinh bát mạch, tu luyện đến mức tận cùng cũng không thua kém gì Cửu Âm chân kinh vì theo lời Vương Trùng Dương, có luyện thêm nữa cũng chỉ là thiên hạ đệ nhất mà thôi
INFO:root:  có những môn học gì 
CRITICAL:root:các khóa học bạn có thể tham khảo: Cửu Âm Chân Kinh, Càn Khôn Đại Na Di, Tiên Thiên Công, Cáp Mô Công, Hàng Long Thập Bát Chưởng, Độc Cô Cửu Kiếm
INFO:root:  cho tao biết về Càn Khôn Đại Na Di 
CRITICAL:root:là bộ võ công tâm pháp thất truyền của Minh giáo nơi Tây Vực, sử dụng để di chuyển nội lực trong cơ thể, chuyển hướng các chiêu thức của kẻ địch, cũng có thể dùng để di chuyển vật nặng ngàn cân. Tất cả có 7 tầng (cấp độ).Người sáng tạo ra Càn Khôn Đại Na Di chỉ luyện được đến tầng thứ 6 còn tầng thứ 7 là hoàn toàn dựa vào trí tưởng tượng của người này nên có những chỗ không thể luyện được.
INFO:root:  ai dạy 
CRITICAL:root:Trương Vô Kỵ
